app/build/intermediates/manifest_merge_blame_file/debug/processDebugMainManifest/manifest-merger-blame-debug-report.txt
1<?xml version="1.0" encoding="utf-8"?>
2<manifest xmlns:android="http://schemas.android.com/apk/res/android"
3    package="com.fmr.dbmeter"
4    android:versionCode="2"
5    android:versionName="0.3" >
6
7    <uses-sdk
8        android:minSdkVersion="23"
9        android:targetSdkVersion="35" />
10
11    <uses-permission android:name="android.permission.RECORD_AUDIO" />
11-->src/main/AndroidManifest.xml:3:5-71
11-->src/main/AndroidManifest.xml:3:22-68
12
13    <application
13-->src/main/AndroidManifest.xml:5:5-21:19
14        android:allowBackup="false"
14-->src/main/AndroidManifest.xml:6:9-36
15        android:debuggable="true"
16        android:extractNativeLibs="false"
17        android:icon="@drawable/ic_launcher"
17-->src/main/AndroidManifest.xml:7:9-45
18        android:label="FMR dB Meter"
18-->src/main/AndroidManifest.xml:9:9-37
19        android:roundIcon="@drawable/ic_launcher"
19-->src/main/AndroidManifest.xml:8:9-50
20        android:supportsRtl="true"
20-->src/main/AndroidManifest.xml:10:9-35
21        android:theme="@android:style/Theme.Material.NoActionBar" >
21-->src/main/AndroidManifest.xml:11:9-66
22        <activity
22-->src/main/AndroidManifest.xml:12:9-20:20
23            android:name="com.fmr.dbmeter.MainActivity"
23-->src/main/AndroidManifest.xml:13:13-41
24            android:exported="true"
24-->src/main/AndroidManifest.xml:15:13-36
25            android:screenOrientation="portrait" >
25-->src/main/AndroidManifest.xml:14:13-49
26            <intent-filter>
26-->src/main/AndroidManifest.xml:16:13-19:29
27                <action android:name="android.intent.action.MAIN" />
27-->src/main/AndroidManifest.xml:17:17-69
27-->src/main/AndroidManifest.xml:17:25-66
28
29                <category android:name="android.intent.category.LAUNCHER" />
29-->src/main/AndroidManifest.xml:18:17-77
29-->src/main/AndroidManifest.xml:18:27-74
30            </intent-filter>
31        </activity>
32    </application>
33
34</manifest>